Using pre-set license
Built from '2020.3/staging' branch; Version is '2020.3.19f1 (68f137dc9bbe) revision 6877495'; Using compiler version '192528614'; Build Type 'Release'
OS: 'Windows 10 Home Single Language; OS build 22621.1265; Version 2009; 64bit' Language: 'es' Physical Memory: 32452 MB
BatchMode: 1, IsHumanControllingUs: 0, StartBugReporterOnCrash: 0, Is64bit: 1, IsPro: 0

COMMAND LINE ARGUMENTS:
C:\Program Files\Unity\Editor\Unity.exe
-adb2
-batchMode
-noUpm
-name
AssetImportWorker0
-projectPath
C:/Repos/Artillery/Artillery
-logFile
Logs/AssetImportWorker0.log
-srvPort
54577
Successfully changed project path to: C:/Repos/Artillery/Artillery
C:/Repos/Artillery/Artillery
Using Asset Import Pipeline V2.
Refreshing native plugins compatible for Editor in 29.70 ms, found 2 plugins.
Preloading 0 native plugins for Editor in 0.00 ms.
Initialize engine version: 2020.3.19f1 (68f137dc9bbe)
[Subsystems] Discovering subsystems at path C:/Program Files/Unity/Editor/Data/Resources/UnitySubsystems
[Subsystems] Discovering subsystems at path C:/Repos/Artillery/Artillery/Assets
GfxDevice: creating device client; threaded=0
Direct3D:
    Version:  Direct3D 11.0 [level 11.1]
    Renderer: NVIDIA GeForce RTX 3060 Laptop GPU (ID=0x2560)
    Vendor:   
    VRAM:     6023 MB
    Driver:   30.0.15.1338
Initialize mono
Mono path[0] = 'C:/Program Files/Unity/Editor/Data/Managed'
Mono path[1] = 'C:/Program Files/Unity/Editor/Data/MonoBleedingEdge/lib/mono/unityjit'
Mono config path = 'C:/Program Files/Unity/Editor/Data/MonoBleedingEdge/etc'
Using monoOptions --debugger-agent=transport=dt_socket,embedding=1,server=y,suspend=n,address=127.0.0.1:56212
Begin MonoManager ReloadAssembly
Registering precompiled unity dll's ...
Register platform support module: C:/Program Files/Unity/Editor/Data/PlaybackEngines/WindowsStandaloneSupport/UnityEditor.WindowsStandalone.Extensions.dll
Registered in 0.000817 seconds.
Native extension for WindowsStandalone target not found
Refreshing native plugins compatible for Editor in 28.66 ms, found 2 plugins.
Preloading 0 native plugins for Editor in 0.00 ms.
Mono: successfully reloaded assembly
- Completed reload, in  0.547 seconds
Domain Reload Profiling:
	ReloadAssembly (548ms)
		BeginReloadAssembly (30ms)
			ExecutionOrderSort (0ms)
			DisableScriptedObjects (0ms)
			BackupInstance (0ms)
			ReleaseScriptingObjects (0ms)
			CreateAndSetChildDomain (1ms)
		EndReloadAssembly (236ms)
			LoadAssemblies (29ms)
			RebuildTransferFunctionScriptingTraits (0ms)
			SetupTypeCache (79ms)
			ReleaseScriptCaches (0ms)
			RebuildScriptCaches (16ms)
			SetupLoadedEditorAssemblies (100ms)
				LogAssemblyErrors (0ms)
				InitializePlatformSupportModulesInManaged (2ms)
				SetLoadedEditorAssemblies (0ms)
				RefreshPlugins (29ms)
				BeforeProcessingInitializeOnLoad (10ms)
				ProcessInitializeOnLoadAttributes (43ms)
				ProcessInitializeOnLoadMethodAttributes (15ms)
				AfterProcessingInitializeOnLoad (0ms)
				EditorAssembliesLoaded (0ms)
			ExecutionOrderSort2 (0ms)
			AwakeInstancesAfterBackupRestoration (0ms)
Platform modules already initialized, skipping
Registering precompiled user dll's ...
Registered in 0.001718 seconds.
Begin MonoManager ReloadAssembly
Native extension for WindowsStandalone target not found
Refreshing native plugins compatible for Editor in 28.84 ms, found 2 plugins.
Preloading 0 native plugins for Editor in 0.00 ms.
Mono: successfully reloaded assembly
- Completed reload, in  0.616 seconds
Domain Reload Profiling:
	ReloadAssembly (617ms)
		BeginReloadAssembly (77ms)
			ExecutionOrderSort (0ms)
			DisableScriptedObjects (2ms)
			BackupInstance (0ms)
			ReleaseScriptingObjects (0ms)
			CreateAndSetChildDomain (12ms)
		EndReloadAssembly (503ms)
			LoadAssemblies (51ms)
			RebuildTransferFunctionScriptingTraits (0ms)
			SetupTypeCache (161ms)
			ReleaseScriptCaches (0ms)
			RebuildScriptCaches (25ms)
			SetupLoadedEditorAssemblies (199ms)
				LogAssemblyErrors (0ms)
				InitializePlatformSupportModulesInManaged (2ms)
				SetLoadedEditorAssemblies (0ms)
				RefreshPlugins (29ms)
				BeforeProcessingInitializeOnLoad (48ms)
				ProcessInitializeOnLoadAttributes (115ms)
				ProcessInitializeOnLoadMethodAttributes (3ms)
				AfterProcessingInitializeOnLoad (2ms)
				EditorAssembliesLoaded (0ms)
			ExecutionOrderSort2 (0ms)
			AwakeInstancesAfterBackupRestoration (3ms)
Platform modules already initialized, skipping
========================================================================
Worker process is ready to serve import requests
Launched and connected shader compiler UnityShaderCompiler.exe after 0.03 seconds
Refreshing native plugins compatible for Editor in 0.36 ms, found 2 plugins.
Preloading 0 native plugins for Editor in 0.00 ms.
Unloading 2672 Unused Serialized files (Serialized files now loaded: 0)
System memory in use before: 123.5 MB.
System memory in use after: 123.6 MB.

Unloading 16 unused Assets to reduce memory usage. Loaded Objects now: 3108.
Total: 2.362200 ms (FindLiveObjects: 0.151500 ms CreateObjectMapping: 0.051300 ms MarkObjects: 2.053200 ms  DeleteObjects: 0.105200 ms)

AssetImportParameters requested are different than current active one (requested -> active):
  custom:framework-win-MediaFoundation: 216162199b28c13a410421893ffa2e32 -> 
  custom:video-decoder-ogg-theora: a1e56fd34408186e4bbccfd4996cb3dc -> 
  custom:container-muxer-webm: aa71ff27fc2769a1b78a27578f13a17b -> 
  custom:container-demuxer-webm: 4f35f7cbe854078d1ac9338744f61a02 -> 
  custom:container-demuxer-ogg: 62fdf1f143b41e24485cea50d1cbac27 -> 
  custom:video-encoder-webm-vp8: eb34c28f22e8b96e1ab97ce403110664 -> 
  custom:video-codec-MediaFoundation-h265: 746d11721c4dcdbdad8f713fa42b33f4 -> 
  custom:video-decoder-webm-vp8: 9c59270c3fd7afecdb556c50c9e8de78 -> 
  custom:audio-decoder-ogg-vorbis: bf7c407c2cedff20999df2af8eb42d56 -> 
  custom:audio-encoder-webm-vorbis: bf7c407c2cedff20999df2af8eb42d56 -> 
========================================================================
Received Import Request.
  path: Assets/Scenes/Texturas
  artifactKey: Guid(ce7bece8a727a60408ab7d0e0e35cf06) Importer(815301076,1909f56bfc062723c751e8b465ee728b)
Start importing Assets/Scenes/Texturas using Guid(ce7bece8a727a60408ab7d0e0e35cf06) Importer(815301076,1909f56bfc062723c751e8b465ee728b)  -> (artifact id: 'c1a6cc3f7fd451690776cd12ec8f029c') in 0.008788 seconds 
  Import took 0.011442 seconds .

========================================================================
Received Import Request.
  Time since last request: 216.392731 seconds.
  path: Assets/Scenes/_Texturas
  artifactKey: Guid(ce7bece8a727a60408ab7d0e0e35cf06) Importer(815301076,1909f56bfc062723c751e8b465ee728b)
Start importing Assets/Scenes/_Texturas using Guid(ce7bece8a727a60408ab7d0e0e35cf06) Importer(815301076,1909f56bfc062723c751e8b465ee728b)  -> (artifact id: 'a2bf5a318345b2dbf95aad0654105227') in 0.008298 seconds 
  Import took 0.011600 seconds .

========================================================================
Received Import Request.
  Time since last request: 7.383141 seconds.
  path: Assets/Scenes/_Texturas/Explosion.tif
  artifactKey: Guid(53954502c80214148ac93f6cb3ccb663) Importer(815301076,1909f56bfc062723c751e8b465ee728b)
Start importing Assets/Scenes/_Texturas/Explosion.tif using Guid(53954502c80214148ac93f6cb3ccb663) Importer(815301076,1909f56bfc062723c751e8b465ee728b)  -> (artifact id: 'c3150ba2b6746ddc6ee9a53d6c514bb8') in 0.051652 seconds 
  Import took 0.055231 seconds .

========================================================================
Received Import Request.
  Time since last request: 6.644629 seconds.
  path: Assets/Scenes/_Texturas/ExplosionEmission.tif
  artifactKey: Guid(ed9783cf3a3576549b3e5bf9d7564bb0) Importer(815301076,1909f56bfc062723c751e8b465ee728b)
Start importing Assets/Scenes/_Texturas/ExplosionEmission.tif using Guid(ed9783cf3a3576549b3e5bf9d7564bb0) Importer(815301076,1909f56bfc062723c751e8b465ee728b)  -> (artifact id: '7910d67a7b72e07578d9a3c12333ae76') in 0.015154 seconds 
  Import took 0.018192 seconds .

========================================================================
Received Import Request.
  Time since last request: 4.913504 seconds.
  path: Assets/Scenes/_Texturas/ExplosionEmission.tif
  artifactKey: Guid(ed9783cf3a3576549b3e5bf9d7564bb0) Importer(815301076,1909f56bfc062723c751e8b465ee728b)
Start importing Assets/Scenes/_Texturas/ExplosionEmission.tif using Guid(ed9783cf3a3576549b3e5bf9d7564bb0) Importer(815301076,1909f56bfc062723c751e8b465ee728b)  -> (artifact id: '5654d6f5f35d1428894d949ffc80bd23') in 0.017524 seconds 
  Import took 0.020484 seconds .

========================================================================
Received Import Request.
  Time since last request: 1.305026 seconds.
  path: Assets/Scenes/_Texturas/MuzzleFlashFront.tif
  artifactKey: Guid(66a0fa1e8ee25e644a8d0b8a4c622474) Importer(815301076,1909f56bfc062723c751e8b465ee728b)
Start importing Assets/Scenes/_Texturas/MuzzleFlashFront.tif using Guid(66a0fa1e8ee25e644a8d0b8a4c622474) Importer(815301076,1909f56bfc062723c751e8b465ee728b)  -> (artifact id: 'f3bf2ccb7d4e4a4ecdad03ea48ca429c') in 0.021885 seconds 
  Import took 0.024843 seconds .

========================================================================
Received Import Request.
  Time since last request: 4.240765 seconds.
  path: Assets/Scenes/_Texturas/MuzzleFlashFront.tif
  artifactKey: Guid(66a0fa1e8ee25e644a8d0b8a4c622474) Importer(815301076,1909f56bfc062723c751e8b465ee728b)
Start importing Assets/Scenes/_Texturas/MuzzleFlashFront.tif using Guid(66a0fa1e8ee25e644a8d0b8a4c622474) Importer(815301076,1909f56bfc062723c751e8b465ee728b)  -> (artifact id: 'ce8d31e581b05ed59c91da8885ba85ef') in 0.008648 seconds 
  Import took 0.011628 seconds .

========================================================================
Received Import Request.
  Time since last request: 26.102949 seconds.
  path: Assets/Scenes/_Particles
  artifactKey: Guid(5006c8b1dcb97c7488a67d539ae79036) Importer(815301076,1909f56bfc062723c751e8b465ee728b)
Start importing Assets/Scenes/_Particles using Guid(5006c8b1dcb97c7488a67d539ae79036) Importer(815301076,1909f56bfc062723c751e8b465ee728b)  -> (artifact id: 'e528482915d0b029ce81d0a739a969aa') in 0.004504 seconds 
  Import took 0.007780 seconds .

========================================================================
Received Import Request.
  Time since last request: 24.109568 seconds.
  path: Assets/Scenes/_Texturas/Explosion.tif
  artifactKey: Guid(53954502c80214148ac93f6cb3ccb663) Importer(815301076,1909f56bfc062723c751e8b465ee728b)
Start importing Assets/Scenes/_Texturas/Explosion.tif using Guid(53954502c80214148ac93f6cb3ccb663) Importer(815301076,1909f56bfc062723c751e8b465ee728b)  -> (artifact id: '69aad2693ea7a0095380f901ac08bb84') in 0.018615 seconds 
  Import took 0.021461 seconds .

========================================================================
Received Import Request.
  Time since last request: 2033.121335 seconds.
  path: Assets/Scenes/_Particles/Particulas_Explosion.prefab
  artifactKey: Guid(82a3e8ab10268c84892db14771518b49) Importer(815301076,1909f56bfc062723c751e8b465ee728b)
Start importing Assets/Scenes/_Particles/Particulas_Explosion.prefab using Guid(82a3e8ab10268c84892db14771518b49) Importer(815301076,1909f56bfc062723c751e8b465ee728b)  -> (artifact id: '2ec234fbc1792457256541f20cff5852') in 0.134937 seconds 
  Import took 0.138626 seconds .

========================================================================
Received Prepare
Registering precompiled user dll's ...
Registered in 0.002881 seconds.
Begin MonoManager ReloadAssembly
Native extension for WindowsStandalone target not found
Refreshing native plugins compatible for Editor in 0.36 ms, found 2 plugins.
Preloading 0 native plugins for Editor in 0.00 ms.
[ScriptCompilation] NOT recompiling all scripts because this is an import worker process. Reason to compile was: Define symbols changed
Mono: successfully reloaded assembly
- Completed reload, in  0.624 seconds
Domain Reload Profiling:
	ReloadAssembly (624ms)
		BeginReloadAssembly (80ms)
			ExecutionOrderSort (0ms)
			DisableScriptedObjects (4ms)
			BackupInstance (0ms)
			ReleaseScriptingObjects (0ms)
			CreateAndSetChildDomain (26ms)
		EndReloadAssembly (507ms)
			LoadAssemblies (49ms)
			RebuildTransferFunctionScriptingTraits (0ms)
			SetupTypeCache (164ms)
			ReleaseScriptCaches (1ms)
			RebuildScriptCaches (23ms)
			SetupLoadedEditorAssemblies (193ms)
				LogAssemblyErrors (0ms)
				InitializePlatformSupportModulesInManaged (3ms)
				SetLoadedEditorAssemblies (0ms)
				RefreshPlugins (0ms)
				BeforeProcessingInitializeOnLoad (48ms)
				ProcessInitializeOnLoadAttributes (136ms)
				ProcessInitializeOnLoadMethodAttributes (3ms)
				AfterProcessingInitializeOnLoad (3ms)
				EditorAssembliesLoaded (0ms)
			ExecutionOrderSort2 (0ms)
			AwakeInstancesAfterBackupRestoration (9ms)
Platform modules already initialized, skipping
Refreshing native plugins compatible for Editor in 0.38 ms, found 2 plugins.
Preloading 0 native plugins for Editor in 0.00 ms.
Unloading 2683 Unused Serialized files (Serialized files now loaded: 0)
System memory in use before: 128.9 MB.
System memory in use after: 127.1 MB.

Unloading 39 unused Assets to reduce memory usage. Loaded Objects now: 3251.
Total: 2.539700 ms (FindLiveObjects: 0.155700 ms CreateObjectMapping: 0.058100 ms MarkObjects: 1.912100 ms  DeleteObjects: 0.412700 ms)

AssetImportParameters requested are different than current active one (requested -> active):
  custom:framework-win-MediaFoundation: 216162199b28c13a410421893ffa2e32 -> 
  custom:video-decoder-ogg-theora: a1e56fd34408186e4bbccfd4996cb3dc -> 
  custom:container-muxer-webm: aa71ff27fc2769a1b78a27578f13a17b -> 
  custom:container-demuxer-webm: 4f35f7cbe854078d1ac9338744f61a02 -> 
  custom:container-demuxer-ogg: 62fdf1f143b41e24485cea50d1cbac27 -> 
  custom:video-encoder-webm-vp8: eb34c28f22e8b96e1ab97ce403110664 -> 
  custom:video-codec-MediaFoundation-h265: 746d11721c4dcdbdad8f713fa42b33f4 -> 
  custom:video-decoder-webm-vp8: 9c59270c3fd7afecdb556c50c9e8de78 -> 
  custom:audio-decoder-ogg-vorbis: bf7c407c2cedff20999df2af8eb42d56 -> 
  custom:audio-encoder-webm-vorbis: bf7c407c2cedff20999df2af8eb42d56 -> 
========================================================================
Received Prepare
Registering precompiled user dll's ...
Registered in 0.001640 seconds.
Begin MonoManager ReloadAssembly
Native extension for WindowsStandalone target not found
Refreshing native plugins compatible for Editor in 0.35 ms, found 2 plugins.
Preloading 0 native plugins for Editor in 0.00 ms.
[ScriptCompilation] NOT recompiling all scripts because this is an import worker process. Reason to compile was: Define symbols changed
Mono: successfully reloaded assembly
- Completed reload, in  0.630 seconds
Domain Reload Profiling:
	ReloadAssembly (631ms)
		BeginReloadAssembly (82ms)
			ExecutionOrderSort (0ms)
			DisableScriptedObjects (2ms)
			BackupInstance (0ms)
			ReleaseScriptingObjects (0ms)
			CreateAndSetChildDomain (23ms)
		EndReloadAssembly (511ms)
			LoadAssemblies (51ms)
			RebuildTransferFunctionScriptingTraits (0ms)
			SetupTypeCache (176ms)
			ReleaseScriptCaches (1ms)
			RebuildScriptCaches (24ms)
			SetupLoadedEditorAssemblies (179ms)
				LogAssemblyErrors (0ms)
				InitializePlatformSupportModulesInManaged (3ms)
				SetLoadedEditorAssemblies (0ms)
				RefreshPlugins (0ms)
				BeforeProcessingInitializeOnLoad (48ms)
				ProcessInitializeOnLoadAttributes (122ms)
				ProcessInitializeOnLoadMethodAttributes (3ms)
				AfterProcessingInitializeOnLoad (3ms)
				EditorAssembliesLoaded (0ms)
			ExecutionOrderSort2 (0ms)
			AwakeInstancesAfterBackupRestoration (10ms)
Platform modules already initialized, skipping
Refreshing native plugins compatible for Editor in 0.40 ms, found 2 plugins.
Preloading 0 native plugins for Editor in 0.00 ms.
Unloading 2689 Unused Serialized files (Serialized files now loaded: 0)
System memory in use before: 129.1 MB.
System memory in use after: 127.3 MB.

Unloading 40 unused Assets to reduce memory usage. Loaded Objects now: 3260.
Total: 2.644100 ms (FindLiveObjects: 0.152600 ms CreateObjectMapping: 0.052800 ms MarkObjects: 1.993500 ms  DeleteObjects: 0.443700 ms)

AssetImportParameters requested are different than current active one (requested -> active):
  custom:framework-win-MediaFoundation: 216162199b28c13a410421893ffa2e32 -> 
  custom:video-decoder-ogg-theora: a1e56fd34408186e4bbccfd4996cb3dc -> 
  custom:container-muxer-webm: aa71ff27fc2769a1b78a27578f13a17b -> 
  custom:container-demuxer-webm: 4f35f7cbe854078d1ac9338744f61a02 -> 
  custom:container-demuxer-ogg: 62fdf1f143b41e24485cea50d1cbac27 -> 
  custom:video-encoder-webm-vp8: eb34c28f22e8b96e1ab97ce403110664 -> 
  custom:video-codec-MediaFoundation-h265: 746d11721c4dcdbdad8f713fa42b33f4 -> 
  custom:video-decoder-webm-vp8: 9c59270c3fd7afecdb556c50c9e8de78 -> 
  custom:audio-decoder-ogg-vorbis: bf7c407c2cedff20999df2af8eb42d56 -> 
  custom:audio-encoder-webm-vorbis: bf7c407c2cedff20999df2af8eb42d56 -> 
========================================================================
Received Import Request.
  Time since last request: 307.061426 seconds.
  path: Assets/Scenes/_materials/Material_Explosion.mat
  artifactKey: Guid(1971acdaecebdd74c8baab45b285e777) Importer(815301076,1909f56bfc062723c751e8b465ee728b)
Start importing Assets/Scenes/_materials/Material_Explosion.mat using Guid(1971acdaecebdd74c8baab45b285e777) Importer(815301076,1909f56bfc062723c751e8b465ee728b)  -> (artifact id: '9d89f212d2ed241e38a14ed6e43760cd') in 0.147073 seconds 
  Import took 0.150651 seconds .

========================================================================
Received Import Request.
  Time since last request: 545.262744 seconds.
  path: Assets/Scenes/_materials/Material_Disparo.mat
  artifactKey: Guid(9d1303cf9230d014589b8e5e5db04134) Importer(815301076,1909f56bfc062723c751e8b465ee728b)
Start importing Assets/Scenes/_materials/Material_Disparo.mat using Guid(9d1303cf9230d014589b8e5e5db04134) Importer(815301076,1909f56bfc062723c751e8b465ee728b)  -> (artifact id: 'e430a5ea5cb8c1e8c19e9875c0336bd4') in 0.017432 seconds 
  Import took 0.021757 seconds .

========================================================================
Received Import Request.
  Time since last request: 973.170046 seconds.
  path: Assets/Scenes/_Particles/Disparo.prefab
  artifactKey: Guid(9abb26190c8f1664f874389b0cb3e637) Importer(815301076,1909f56bfc062723c751e8b465ee728b)
Start importing Assets/Scenes/_Particles/Disparo.prefab using Guid(9abb26190c8f1664f874389b0cb3e637) Importer(815301076,1909f56bfc062723c751e8b465ee728b)  -> (artifact id: '3ea97be36157bb41b008c57bfea273f2') in 0.028618 seconds 
  Import took 0.033036 seconds .

========================================================================
Received Import Request.
  Time since last request: 11.351382 seconds.
  path: Assets/Scenes/_Particles/Particulas_Disparo.prefab
  artifactKey: Guid(9abb26190c8f1664f874389b0cb3e637) Importer(815301076,1909f56bfc062723c751e8b465ee728b)
Start importing Assets/Scenes/_Particles/Particulas_Disparo.prefab using Guid(9abb26190c8f1664f874389b0cb3e637) Importer(815301076,1909f56bfc062723c751e8b465ee728b)  -> (artifact id: 'baafd0244db4073fd237472e0ddf96d1') in 0.015290 seconds 
  Import took 0.018815 seconds .

========================================================================
Received Import Request.
  Time since last request: 40.665523 seconds.
  path: Assets/Scenes/_Particles/Particulas_Disparo.prefab
  artifactKey: Guid(9abb26190c8f1664f874389b0cb3e637) Importer(815301076,1909f56bfc062723c751e8b465ee728b)
Start importing Assets/Scenes/_Particles/Particulas_Disparo.prefab using Guid(9abb26190c8f1664f874389b0cb3e637) Importer(815301076,1909f56bfc062723c751e8b465ee728b)  -> (artifact id: '7dbaf13cc3994f76cab36c9d5a2a0141') in 0.008167 seconds 
  Import took 0.011480 seconds .

========================================================================
Received Import Request.
  Time since last request: 436.174899 seconds.
  path: Assets/Scenes/_scripts/Canon.cs
  artifactKey: Guid(d2279cce712413943b3c467ce8a7bbcb) Importer(815301076,1909f56bfc062723c751e8b465ee728b)
Start importing Assets/Scenes/_scripts/Canon.cs using Guid(d2279cce712413943b3c467ce8a7bbcb) Importer(815301076,1909f56bfc062723c751e8b465ee728b)  -> (artifact id: '098f3c437557d37dc558acbfe0574935') in 0.015738 seconds 
  Import took 0.024719 seconds .

========================================================================
Received Prepare
Registering precompiled user dll's ...
Registered in 0.003118 seconds.
Begin MonoManager ReloadAssembly
Native extension for WindowsStandalone target not found
Refreshing native plugins compatible for Editor in 0.52 ms, found 2 plugins.
Preloading 0 native plugins for Editor in 0.00 ms.
Mono: successfully reloaded assembly
- Completed reload, in  1.187 seconds
Domain Reload Profiling:
	ReloadAssembly (1187ms)
		BeginReloadAssembly (190ms)
			ExecutionOrderSort (0ms)
			DisableScriptedObjects (14ms)
			BackupInstance (0ms)
			ReleaseScriptingObjects (0ms)
			CreateAndSetChildDomain (62ms)
		EndReloadAssembly (937ms)
			LoadAssemblies (109ms)
			RebuildTransferFunctionScriptingTraits (0ms)
			SetupTypeCache (280ms)
			ReleaseScriptCaches (1ms)
			RebuildScriptCaches (41ms)
			SetupLoadedEditorAssemblies (369ms)
				LogAssemblyErrors (0ms)
				InitializePlatformSupportModulesInManaged (4ms)
				SetLoadedEditorAssemblies (0ms)
				RefreshPlugins (1ms)
				BeforeProcessingInitializeOnLoad (84ms)
				ProcessInitializeOnLoadAttributes (261ms)
				ProcessInitializeOnLoadMethodAttributes (8ms)
				AfterProcessingInitializeOnLoad (10ms)
				EditorAssembliesLoaded (0ms)
			ExecutionOrderSort2 (0ms)
			AwakeInstancesAfterBackupRestoration (28ms)
Platform modules already initialized, skipping
Refreshing native plugins compatible for Editor in 0.37 ms, found 2 plugins.
Preloading 0 native plugins for Editor in 0.00 ms.
Unloading 2689 Unused Serialized files (Serialized files now loaded: 0)
System memory in use before: 129.6 MB.
System memory in use after: 127.7 MB.

Unloading 39 unused Assets to reduce memory usage. Loaded Objects now: 3332.
Total: 2.987700 ms (FindLiveObjects: 0.155200 ms CreateObjectMapping: 0.057100 ms MarkObjects: 2.330600 ms  DeleteObjects: 0.444000 ms)

AssetImportParameters requested are different than current active one (requested -> active):
  custom:framework-win-MediaFoundation: 216162199b28c13a410421893ffa2e32 -> 
  custom:video-decoder-ogg-theora: a1e56fd34408186e4bbccfd4996cb3dc -> 
  custom:container-muxer-webm: aa71ff27fc2769a1b78a27578f13a17b -> 
  custom:container-demuxer-webm: 4f35f7cbe854078d1ac9338744f61a02 -> 
  custom:container-demuxer-ogg: 62fdf1f143b41e24485cea50d1cbac27 -> 
  custom:video-encoder-webm-vp8: eb34c28f22e8b96e1ab97ce403110664 -> 
  custom:video-codec-MediaFoundation-h265: 746d11721c4dcdbdad8f713fa42b33f4 -> 
  custom:video-decoder-webm-vp8: 9c59270c3fd7afecdb556c50c9e8de78 -> 
  custom:audio-decoder-ogg-vorbis: bf7c407c2cedff20999df2af8eb42d56 -> 
  custom:audio-encoder-webm-vorbis: bf7c407c2cedff20999df2af8eb42d56 -> 
========================================================================
Received Prepare
Registering precompiled user dll's ...
Registered in 0.002981 seconds.
Begin MonoManager ReloadAssembly
Native extension for WindowsStandalone target not found
Refreshing native plugins compatible for Editor in 0.52 ms, found 2 plugins.
Preloading 0 native plugins for Editor in 0.00 ms.
Mono: successfully reloaded assembly
- Completed reload, in  1.180 seconds
Domain Reload Profiling:
	ReloadAssembly (1180ms)
		BeginReloadAssembly (165ms)
			ExecutionOrderSort (0ms)
			DisableScriptedObjects (10ms)
			BackupInstance (0ms)
			ReleaseScriptingObjects (0ms)
			CreateAndSetChildDomain (57ms)
		EndReloadAssembly (958ms)
			LoadAssemblies (100ms)
			RebuildTransferFunctionScriptingTraits (0ms)
			SetupTypeCache (325ms)
			ReleaseScriptCaches (1ms)
			RebuildScriptCaches (56ms)
			SetupLoadedEditorAssemblies (347ms)
				LogAssemblyErrors (0ms)
				InitializePlatformSupportModulesInManaged (4ms)
				SetLoadedEditorAssemblies (0ms)
				RefreshPlugins (1ms)
				BeforeProcessingInitializeOnLoad (115ms)
				ProcessInitializeOnLoadAttributes (215ms)
				ProcessInitializeOnLoadMethodAttributes (6ms)
				AfterProcessingInitializeOnLoad (5ms)
				EditorAssembliesLoaded (0ms)
			ExecutionOrderSort2 (0ms)
			AwakeInstancesAfterBackupRestoration (15ms)
Platform modules already initialized, skipping
Refreshing native plugins compatible for Editor in 0.61 ms, found 2 plugins.
Preloading 0 native plugins for Editor in 0.00 ms.
Unloading 2689 Unused Serialized files (Serialized files now loaded: 0)
System memory in use before: 129.6 MB.
System memory in use after: 127.8 MB.

Unloading 39 unused Assets to reduce memory usage. Loaded Objects now: 3335.
Total: 7.748100 ms (FindLiveObjects: 0.380800 ms CreateObjectMapping: 0.160500 ms MarkObjects: 5.909800 ms  DeleteObjects: 1.294200 ms)

AssetImportParameters requested are different than current active one (requested -> active):
  custom:framework-win-MediaFoundation: 216162199b28c13a410421893ffa2e32 -> 
  custom:video-decoder-ogg-theora: a1e56fd34408186e4bbccfd4996cb3dc -> 
  custom:container-muxer-webm: aa71ff27fc2769a1b78a27578f13a17b -> 
  custom:container-demuxer-webm: 4f35f7cbe854078d1ac9338744f61a02 -> 
  custom:container-demuxer-ogg: 62fdf1f143b41e24485cea50d1cbac27 -> 
  custom:video-encoder-webm-vp8: eb34c28f22e8b96e1ab97ce403110664 -> 
  custom:video-codec-MediaFoundation-h265: 746d11721c4dcdbdad8f713fa42b33f4 -> 
  custom:video-decoder-webm-vp8: 9c59270c3fd7afecdb556c50c9e8de78 -> 
  custom:audio-decoder-ogg-vorbis: bf7c407c2cedff20999df2af8eb42d56 -> 
  custom:audio-encoder-webm-vorbis: bf7c407c2cedff20999df2af8eb42d56 -> 
========================================================================
Received Prepare
Registering precompiled user dll's ...
Registered in 0.001597 seconds.
Begin MonoManager ReloadAssembly
Native extension for WindowsStandalone target not found
Refreshing native plugins compatible for Editor in 0.36 ms, found 2 plugins.
Preloading 0 native plugins for Editor in 0.00 ms.
Mono: successfully reloaded assembly
- Completed reload, in  0.588 seconds
Domain Reload Profiling:
	ReloadAssembly (588ms)
		BeginReloadAssembly (79ms)
			ExecutionOrderSort (0ms)
			DisableScriptedObjects (2ms)
			BackupInstance (0ms)
			ReleaseScriptingObjects (0ms)
			CreateAndSetChildDomain (22ms)
		EndReloadAssembly (475ms)
			LoadAssemblies (49ms)
			RebuildTransferFunctionScriptingTraits (0ms)
			SetupTypeCache (155ms)
			ReleaseScriptCaches (1ms)
			RebuildScriptCaches (23ms)
			SetupLoadedEditorAssemblies (169ms)
				LogAssemblyErrors (0ms)
				InitializePlatformSupportModulesInManaged (3ms)
				SetLoadedEditorAssemblies (0ms)
				RefreshPlugins (0ms)
				BeforeProcessingInitializeOnLoad (48ms)
				ProcessInitializeOnLoadAttributes (113ms)
				ProcessInitializeOnLoadMethodAttributes (3ms)
				AfterProcessingInitializeOnLoad (3ms)
				EditorAssembliesLoaded (0ms)
			ExecutionOrderSort2 (0ms)
			AwakeInstancesAfterBackupRestoration (9ms)
Platform modules already initialized, skipping
Refreshing native plugins compatible for Editor in 0.37 ms, found 2 plugins.
Preloading 0 native plugins for Editor in 0.00 ms.
Unloading 2689 Unused Serialized files (Serialized files now loaded: 0)
System memory in use before: 129.7 MB.
System memory in use after: 127.8 MB.

Unloading 39 unused Assets to reduce memory usage. Loaded Objects now: 3338.
Total: 2.728000 ms (FindLiveObjects: 0.160500 ms CreateObjectMapping: 0.057100 ms MarkObjects: 2.057300 ms  DeleteObjects: 0.451600 ms)

AssetImportParameters requested are different than current active one (requested -> active):
  custom:framework-win-MediaFoundation: 216162199b28c13a410421893ffa2e32 -> 
  custom:video-decoder-ogg-theora: a1e56fd34408186e4bbccfd4996cb3dc -> 
  custom:container-muxer-webm: aa71ff27fc2769a1b78a27578f13a17b -> 
  custom:container-demuxer-webm: 4f35f7cbe854078d1ac9338744f61a02 -> 
  custom:container-demuxer-ogg: 62fdf1f143b41e24485cea50d1cbac27 -> 
  custom:video-encoder-webm-vp8: eb34c28f22e8b96e1ab97ce403110664 -> 
  custom:video-codec-MediaFoundation-h265: 746d11721c4dcdbdad8f713fa42b33f4 -> 
  custom:video-decoder-webm-vp8: 9c59270c3fd7afecdb556c50c9e8de78 -> 
  custom:audio-decoder-ogg-vorbis: bf7c407c2cedff20999df2af8eb42d56 -> 
  custom:audio-encoder-webm-vorbis: bf7c407c2cedff20999df2af8eb42d56 -> 
========================================================================
Received Import Request.
  Time since last request: 719.821859 seconds.
  path: Assets/Scenes/_ShaderGraphs
  artifactKey: Guid(13a7b054477af254aaf161535b9ab34d) Importer(815301076,1909f56bfc062723c751e8b465ee728b)
Start importing Assets/Scenes/_ShaderGraphs using Guid(13a7b054477af254aaf161535b9ab34d) Importer(815301076,1909f56bfc062723c751e8b465ee728b)  -> (artifact id: '28dd914edaf880472d6b7c54ac5dcf02') in 0.006980 seconds 
  Import took 0.009837 seconds .

========================================================================
Received Import Request.
  Time since last request: 214.332892 seconds.
  path: Assets/Scenes/_ShaderGraphs/ShaderGraphBala.shadergraph
  artifactKey: Guid(fcd8da3dbb3ae2840b242b97c4f5bb3d) Importer(815301076,1909f56bfc062723c751e8b465ee728b)
Start importing Assets/Scenes/_ShaderGraphs/ShaderGraphBala.shadergraph using Guid(fcd8da3dbb3ae2840b242b97c4f5bb3d) Importer(815301076,1909f56bfc062723c751e8b465ee728b)  -> (artifact id: '72e73a594aacd722881860a4fb908df0') in 0.033146 seconds 
  Import took 0.036689 seconds .

========================================================================
Received Import Request.
  Time since last request: 581.404472 seconds.
  path: Assets/Scenes/_ShaderGraphs/ShaderGraphBala.shadergraph
  artifactKey: Guid(fcd8da3dbb3ae2840b242b97c4f5bb3d) Importer(815301076,1909f56bfc062723c751e8b465ee728b)
Start importing Assets/Scenes/_ShaderGraphs/ShaderGraphBala.shadergraph using Guid(fcd8da3dbb3ae2840b242b97c4f5bb3d) Importer(815301076,1909f56bfc062723c751e8b465ee728b)  -> (artifact id: 'ba6d79110ce656e549c7c22825177f4d') in 0.003374 seconds 
  Import took 0.007506 seconds .

========================================================================
Received Import Request.
  Time since last request: 1139.293901 seconds.
  path: Assets/Scenes/_ShaderGraphs/ShaderGraphBala.shadergraph
  artifactKey: Guid(fcd8da3dbb3ae2840b242b97c4f5bb3d) Importer(815301076,1909f56bfc062723c751e8b465ee728b)
Start importing Assets/Scenes/_ShaderGraphs/ShaderGraphBala.shadergraph using Guid(fcd8da3dbb3ae2840b242b97c4f5bb3d) Importer(815301076,1909f56bfc062723c751e8b465ee728b)  -> (artifact id: '73b1f7dfaf702a6d33b595c204622278') in 0.003280 seconds 
  Import took 0.007529 seconds .

========================================================================
Received Import Request.
  Time since last request: 121.619430 seconds.
  path: Assets/Scenes/_prefabs
  artifactKey: Guid(bd4c12678effa004e88b41aeb5960147) Importer(815301076,1909f56bfc062723c751e8b465ee728b)
Start importing Assets/Scenes/_prefabs using Guid(bd4c12678effa004e88b41aeb5960147) Importer(815301076,1909f56bfc062723c751e8b465ee728b)  -> (artifact id: 'ea41ef38fdb22ed499f29e550dd696e1') in 0.009854 seconds 
  Import took 0.013682 seconds .

========================================================================
Received Import Request.
  Time since last request: 3.781379 seconds.
  path: Assets/Scenes/_prefabs/Bala 1.prefab
  artifactKey: Guid(24b815b98697df040a952356256cb2dc) Importer(815301076,1909f56bfc062723c751e8b465ee728b)
Start importing Assets/Scenes/_prefabs/Bala 1.prefab using Guid(24b815b98697df040a952356256cb2dc) Importer(815301076,1909f56bfc062723c751e8b465ee728b)  -> (artifact id: '3f2724b79e4c81f11f768ac22506ad6a') in 0.100377 seconds 
  Import took 0.103632 seconds .

========================================================================
Received Import Request.
  Time since last request: 20.306388 seconds.
  path: Assets/Scenes/_prefabs/Bala_SG.prefab
  artifactKey: Guid(24b815b98697df040a952356256cb2dc) Importer(815301076,1909f56bfc062723c751e8b465ee728b)
Start importing Assets/Scenes/_prefabs/Bala_SG.prefab using Guid(24b815b98697df040a952356256cb2dc) Importer(815301076,1909f56bfc062723c751e8b465ee728b)  -> (artifact id: '3e4d727bcf9821d352c060f9d0c5e303') in 0.013666 seconds 
  Import took 0.017134 seconds .

========================================================================
Received Prepare
Registering precompiled user dll's ...
Registered in 0.001687 seconds.
Begin MonoManager ReloadAssembly
Native extension for WindowsStandalone target not found
Refreshing native plugins compatible for Editor in 0.36 ms, found 2 plugins.
Preloading 0 native plugins for Editor in 0.00 ms.
Mono: successfully reloaded assembly
- Completed reload, in  0.596 seconds
Domain Reload Profiling:
	ReloadAssembly (596ms)
		BeginReloadAssembly (77ms)
			ExecutionOrderSort (0ms)
			DisableScriptedObjects (4ms)
			BackupInstance (0ms)
			ReleaseScriptingObjects (0ms)
			CreateAndSetChildDomain (26ms)
		EndReloadAssembly (484ms)
			LoadAssemblies (51ms)
			RebuildTransferFunctionScriptingTraits (0ms)
			SetupTypeCache (162ms)
			ReleaseScriptCaches (1ms)
			RebuildScriptCaches (22ms)
			SetupLoadedEditorAssemblies (170ms)
				LogAssemblyErrors (0ms)
				InitializePlatformSupportModulesInManaged (3ms)
				SetLoadedEditorAssemblies (0ms)
				RefreshPlugins (0ms)
				BeforeProcessingInitializeOnLoad (48ms)
				ProcessInitializeOnLoadAttributes (113ms)
				ProcessInitializeOnLoadMethodAttributes (3ms)
				AfterProcessingInitializeOnLoad (2ms)
				EditorAssembliesLoaded (0ms)
			ExecutionOrderSort2 (0ms)
			AwakeInstancesAfterBackupRestoration (9ms)
Platform modules already initialized, skipping
Refreshing native plugins compatible for Editor in 0.37 ms, found 2 plugins.
Preloading 0 native plugins for Editor in 0.00 ms.
Unloading 2689 Unused Serialized files (Serialized files now loaded: 0)
System memory in use before: 129.8 MB.
System memory in use after: 128.0 MB.

Unloading 39 unused Assets to reduce memory usage. Loaded Objects now: 3378.
Total: 2.687500 ms (FindLiveObjects: 0.141600 ms CreateObjectMapping: 0.058400 ms MarkObjects: 2.008600 ms  DeleteObjects: 0.478000 ms)

AssetImportParameters requested are different than current active one (requested -> active):
  custom:framework-win-MediaFoundation: 216162199b28c13a410421893ffa2e32 -> 
  custom:video-decoder-ogg-theora: a1e56fd34408186e4bbccfd4996cb3dc -> 
  custom:container-muxer-webm: aa71ff27fc2769a1b78a27578f13a17b -> 
  custom:container-demuxer-webm: 4f35f7cbe854078d1ac9338744f61a02 -> 
  custom:container-demuxer-ogg: 62fdf1f143b41e24485cea50d1cbac27 -> 
  custom:video-encoder-webm-vp8: eb34c28f22e8b96e1ab97ce403110664 -> 
  custom:video-codec-MediaFoundation-h265: 746d11721c4dcdbdad8f713fa42b33f4 -> 
  custom:video-decoder-webm-vp8: 9c59270c3fd7afecdb556c50c9e8de78 -> 
  custom:audio-decoder-ogg-vorbis: bf7c407c2cedff20999df2af8eb42d56 -> 
  custom:audio-encoder-webm-vorbis: bf7c407c2cedff20999df2af8eb42d56 -> 
========================================================================
Received Import Request.
  Time since last request: 1112.646388 seconds.
  path: Assets/Scenes/_SoundClips
  artifactKey: Guid(acd4d9a656fd49742843f72318830bcd) Importer(815301076,1909f56bfc062723c751e8b465ee728b)
Start importing Assets/Scenes/_SoundClips using Guid(acd4d9a656fd49742843f72318830bcd) Importer(815301076,1909f56bfc062723c751e8b465ee728b)  -> (artifact id: 'f5db76ca7dd2fffbd3a8cff5766e6049') in 0.016449 seconds 
  Import took 0.020982 seconds .

========================================================================
Received Import Request.
  Time since last request: 63.890522 seconds.
  path: Assets/Scenes/_SoundClips/001105163_prev.mp3
  artifactKey: Guid(a92807f4c48f12b44b94690f49e585f1) Importer(815301076,1909f56bfc062723c751e8b465ee728b)
Start importing Assets/Scenes/_SoundClips/001105163_prev.mp3 using Guid(a92807f4c48f12b44b94690f49e585f1) Importer(815301076,1909f56bfc062723c751e8b465ee728b)  -> (artifact id: '3a8b09236c52f17f3ed7d6cf17bded42') in 0.040721 seconds 
  Import took 0.044164 seconds .

========================================================================
Received Import Request.
  Time since last request: 13.086390 seconds.
  path: Assets/Scenes/_SoundClips/cannon-shot-6153.mp3
  artifactKey: Guid(ffd49bc91122887489309156b8e87783) Importer(815301076,1909f56bfc062723c751e8b465ee728b)
Start importing Assets/Scenes/_SoundClips/cannon-shot-6153.mp3 using Guid(ffd49bc91122887489309156b8e87783) Importer(815301076,1909f56bfc062723c751e8b465ee728b)  -> (artifact id: '82c277afaf499f6b13adcf855056a3a0') in 0.016335 seconds 
  Import took 0.019792 seconds .

========================================================================
Received Import Request.
  Time since last request: 5.963848 seconds.
  path: Assets/Scenes/_SoundClips/mi_explosion_03_hpx.mp3
  artifactKey: Guid(1bcd98ab014530145a62e9668a6a6e55) Importer(815301076,1909f56bfc062723c751e8b465ee728b)
Start importing Assets/Scenes/_SoundClips/mi_explosion_03_hpx.mp3 using Guid(1bcd98ab014530145a62e9668a6a6e55) Importer(815301076,1909f56bfc062723c751e8b465ee728b)  -> (artifact id: 'a507d706a323c5c01a51bad08fa38d80') in 0.022853 seconds 
  Import took 0.026777 seconds .

========================================================================
Received Import Request.
  Time since last request: 12.692957 seconds.
  path: Assets/Scenes/_SoundClips/001105163_prev.mp3
  artifactKey: Guid(a92807f4c48f12b44b94690f49e585f1) Importer(815301076,1909f56bfc062723c751e8b465ee728b)
Start importing Assets/Scenes/_SoundClips/001105163_prev.mp3 using Guid(a92807f4c48f12b44b94690f49e585f1) Importer(815301076,1909f56bfc062723c751e8b465ee728b)  -> (artifact id: '3469ceca58f3ee45333e16b60436ccb5') in 0.006424 seconds 
  Import took 0.009803 seconds .

========================================================================
Received Import Request.
  Time since last request: 111.668367 seconds.
  path: Assets/Scenes/_prefabs/_PrefabsAudio
  artifactKey: Guid(619612bda3b26a944a1caaef14a0b675) Importer(815301076,1909f56bfc062723c751e8b465ee728b)
Start importing Assets/Scenes/_prefabs/_PrefabsAudio using Guid(619612bda3b26a944a1caaef14a0b675) Importer(815301076,1909f56bfc062723c751e8b465ee728b)  -> (artifact id: 'a2ad8a8bceb262ed961b2a56c00a8cb7') in 0.009314 seconds 
  Import took 0.012858 seconds .

========================================================================
Received Import Request.
  Time since last request: 271.831767 seconds.
  path: Assets/Scenes/_prefabs/_PrefabsAudio/SonidoDisparo.prefab
  artifactKey: Guid(2f08ec26923972f49ae480bf3040124c) Importer(815301076,1909f56bfc062723c751e8b465ee728b)
Start importing Assets/Scenes/_prefabs/_PrefabsAudio/SonidoDisparo.prefab using Guid(2f08ec26923972f49ae480bf3040124c) Importer(815301076,1909f56bfc062723c751e8b465ee728b)  -> (artifact id: 'e049cdeb8cbd7518497e724ee4cd3c5e') in 0.013043 seconds 
  Import took 0.016677 seconds .

========================================================================
Received Import Request.
  Time since last request: 73.498948 seconds.
  path: Assets/Scenes/_prefabs/_PrefabsAudio/SonidoExplosion.prefab
  artifactKey: Guid(4aac3a588a491d84daf81b8a4839438b) Importer(815301076,1909f56bfc062723c751e8b465ee728b)
Start importing Assets/Scenes/_prefabs/_PrefabsAudio/SonidoExplosion.prefab using Guid(4aac3a588a491d84daf81b8a4839438b) Importer(815301076,1909f56bfc062723c751e8b465ee728b)  -> (artifact id: 'e7eeebde8a205702bcfff040333b2540') in 0.011001 seconds 
  Import took 0.014785 seconds .

========================================================================
Received Import Request.
  Time since last request: 15.951713 seconds.
  path: Assets/Scenes/_prefabs/_PrefabsAudio/SonidoExplosion.prefab
  artifactKey: Guid(4aac3a588a491d84daf81b8a4839438b) Importer(815301076,1909f56bfc062723c751e8b465ee728b)
Start importing Assets/Scenes/_prefabs/_PrefabsAudio/SonidoExplosion.prefab using Guid(4aac3a588a491d84daf81b8a4839438b) Importer(815301076,1909f56bfc062723c751e8b465ee728b)  -> (artifact id: 'febdda7711ca0c864229142254d5d19f') in 0.003556 seconds 
  Import took 0.006711 seconds .

========================================================================
Received Import Request.
  Time since last request: 0.592466 seconds.
  path: Assets/Scenes/_prefabs/_PrefabsAudio/SonidoExplosion.prefab
  artifactKey: Guid(4aac3a588a491d84daf81b8a4839438b) Importer(815301076,1909f56bfc062723c751e8b465ee728b)
Start importing Assets/Scenes/_prefabs/_PrefabsAudio/SonidoExplosion.prefab using Guid(4aac3a588a491d84daf81b8a4839438b) Importer(815301076,1909f56bfc062723c751e8b465ee728b)  -> (artifact id: '4d953e11ab060cb19d82be1843e4994c') in 0.003770 seconds 
  Import took 0.006900 seconds .

========================================================================
Received Import Request.
  Time since last request: 130.608561 seconds.
  path: Assets/Scenes/_scripts/Canon.cs
  artifactKey: Guid(d2279cce712413943b3c467ce8a7bbcb) Importer(815301076,1909f56bfc062723c751e8b465ee728b)
Start importing Assets/Scenes/_scripts/Canon.cs using Guid(d2279cce712413943b3c467ce8a7bbcb) Importer(815301076,1909f56bfc062723c751e8b465ee728b)  -> (artifact id: '41d26b9874cfba4d003dd8de432e6a3d') in 0.003070 seconds 
  Import took 0.007983 seconds .

========================================================================
Received Prepare
Registering precompiled user dll's ...
Registered in 0.003069 seconds.
Begin MonoManager ReloadAssembly
Native extension for WindowsStandalone target not found
Refreshing native plugins compatible for Editor in 0.52 ms, found 2 plugins.
Preloading 0 native plugins for Editor in 0.00 ms.
Mono: successfully reloaded assembly
- Completed reload, in  1.198 seconds
Domain Reload Profiling:
	ReloadAssembly (1198ms)
		BeginReloadAssembly (192ms)
			ExecutionOrderSort (0ms)
			DisableScriptedObjects (8ms)
			BackupInstance (0ms)
			ReleaseScriptingObjects (0ms)
			CreateAndSetChildDomain (72ms)
		EndReloadAssembly (946ms)
			LoadAssemblies (118ms)
			RebuildTransferFunctionScriptingTraits (0ms)
			SetupTypeCache (289ms)
			ReleaseScriptCaches (1ms)
			RebuildScriptCaches (42ms)
			SetupLoadedEditorAssemblies (365ms)
				LogAssemblyErrors (0ms)
				InitializePlatformSupportModulesInManaged (5ms)
				SetLoadedEditorAssemblies (0ms)
				RefreshPlugins (1ms)
				BeforeProcessingInitializeOnLoad (84ms)
				ProcessInitializeOnLoadAttributes (256ms)
				ProcessInitializeOnLoadMethodAttributes (9ms)
				AfterProcessingInitializeOnLoad (10ms)
				EditorAssembliesLoaded (1ms)
			ExecutionOrderSort2 (0ms)
			AwakeInstancesAfterBackupRestoration (33ms)
Platform modules already initialized, skipping
Refreshing native plugins compatible for Editor in 0.38 ms, found 2 plugins.
Preloading 0 native plugins for Editor in 0.00 ms.
Unloading 2689 Unused Serialized files (Serialized files now loaded: 0)
System memory in use before: 129.9 MB.
System memory in use after: 128.1 MB.

Unloading 39 unused Assets to reduce memory usage. Loaded Objects now: 3384.
Total: 2.746100 ms (FindLiveObjects: 0.154400 ms CreateObjectMapping: 0.056300 ms MarkObjects: 2.088600 ms  DeleteObjects: 0.446000 ms)

AssetImportParameters requested are different than current active one (requested -> active):
  custom:framework-win-MediaFoundation: 216162199b28c13a410421893ffa2e32 -> 
  custom:video-decoder-ogg-theora: a1e56fd34408186e4bbccfd4996cb3dc -> 
  custom:container-muxer-webm: aa71ff27fc2769a1b78a27578f13a17b -> 
  custom:container-demuxer-webm: 4f35f7cbe854078d1ac9338744f61a02 -> 
  custom:container-demuxer-ogg: 62fdf1f143b41e24485cea50d1cbac27 -> 
  custom:video-encoder-webm-vp8: eb34c28f22e8b96e1ab97ce403110664 -> 
  custom:video-codec-MediaFoundation-h265: 746d11721c4dcdbdad8f713fa42b33f4 -> 
  custom:video-decoder-webm-vp8: 9c59270c3fd7afecdb556c50c9e8de78 -> 
  custom:audio-decoder-ogg-vorbis: bf7c407c2cedff20999df2af8eb42d56 -> 
  custom:audio-encoder-webm-vorbis: bf7c407c2cedff20999df2af8eb42d56 -> 
========================================================================
Received Prepare
Registering precompiled user dll's ...
Registered in 0.003808 seconds.
Begin MonoManager ReloadAssembly
Native extension for WindowsStandalone target not found
Refreshing native plugins compatible for Editor in 0.52 ms, found 2 plugins.
Preloading 0 native plugins for Editor in 0.00 ms.
Mono: successfully reloaded assembly
- Completed reload, in  1.304 seconds
Domain Reload Profiling:
	ReloadAssembly (1304ms)
		BeginReloadAssembly (194ms)
			ExecutionOrderSort (0ms)
			DisableScriptedObjects (5ms)
			BackupInstance (0ms)
			ReleaseScriptingObjects (0ms)
			CreateAndSetChildDomain (55ms)
		EndReloadAssembly (1030ms)
			LoadAssemblies (155ms)
			RebuildTransferFunctionScriptingTraits (0ms)
			SetupTypeCache (270ms)
			ReleaseScriptCaches (1ms)
			RebuildScriptCaches (63ms)
			SetupLoadedEditorAssemblies (372ms)
				LogAssemblyErrors (0ms)
				InitializePlatformSupportModulesInManaged (5ms)
				SetLoadedEditorAssemblies (0ms)
				RefreshPlugins (1ms)
				BeforeProcessingInitializeOnLoad (82ms)
				ProcessInitializeOnLoadAttributes (275ms)
				ProcessInitializeOnLoadMethodAttributes (5ms)
				AfterProcessingInitializeOnLoad (5ms)
				EditorAssembliesLoaded (0ms)
			ExecutionOrderSort2 (0ms)
			AwakeInstancesAfterBackupRestoration (18ms)
Platform modules already initialized, skipping
Refreshing native plugins compatible for Editor in 1.11 ms, found 2 plugins.
Preloading 0 native plugins for Editor in 0.00 ms.
Unloading 2689 Unused Serialized files (Serialized files now loaded: 0)
System memory in use before: 129.9 MB.
System memory in use after: 128.1 MB.

Unloading 39 unused Assets to reduce memory usage. Loaded Objects now: 3387.
Total: 8.381700 ms (FindLiveObjects: 0.402600 ms CreateObjectMapping: 0.152400 ms MarkObjects: 6.616300 ms  DeleteObjects: 1.208300 ms)

AssetImportParameters requested are different than current active one (requested -> active):
  custom:framework-win-MediaFoundation: 216162199b28c13a410421893ffa2e32 -> 
  custom:video-decoder-ogg-theora: a1e56fd34408186e4bbccfd4996cb3dc -> 
  custom:container-muxer-webm: aa71ff27fc2769a1b78a27578f13a17b -> 
  custom:container-demuxer-webm: 4f35f7cbe854078d1ac9338744f61a02 -> 
  custom:container-demuxer-ogg: 62fdf1f143b41e24485cea50d1cbac27 -> 
  custom:video-encoder-webm-vp8: eb34c28f22e8b96e1ab97ce403110664 -> 
  custom:video-codec-MediaFoundation-h265: 746d11721c4dcdbdad8f713fa42b33f4 -> 
  custom:video-decoder-webm-vp8: 9c59270c3fd7afecdb556c50c9e8de78 -> 
  custom:audio-decoder-ogg-vorbis: bf7c407c2cedff20999df2af8eb42d56 -> 
  custom:audio-encoder-webm-vorbis: bf7c407c2cedff20999df2af8eb42d56 -> 
========================================================================
Received Import Request.
  Time since last request: 121.761045 seconds.
  path: Assets/Scenes/_scripts/Canon.cs
  artifactKey: Guid(d2279cce712413943b3c467ce8a7bbcb) Importer(815301076,1909f56bfc062723c751e8b465ee728b)
Start importing Assets/Scenes/_scripts/Canon.cs using Guid(d2279cce712413943b3c467ce8a7bbcb) Importer(815301076,1909f56bfc062723c751e8b465ee728b)  -> (artifact id: 'c59f5d1aa45067413fe5c8bfff0f4bd8') in 0.010906 seconds 
  Import took 0.019023 seconds .

========================================================================
Received Prepare
Registering precompiled user dll's ...
Registered in 0.003287 seconds.
Begin MonoManager ReloadAssembly
Native extension for WindowsStandalone target not found
Refreshing native plugins compatible for Editor in 0.53 ms, found 2 plugins.
Preloading 0 native plugins for Editor in 0.00 ms.
Mono: successfully reloaded assembly
- Completed reload, in  1.320 seconds
Domain Reload Profiling:
	ReloadAssembly (1320ms)
		BeginReloadAssembly (201ms)
			ExecutionOrderSort (0ms)
			DisableScriptedObjects (8ms)
			BackupInstance (0ms)
			ReleaseScriptingObjects (0ms)
			CreateAndSetChildDomain (60ms)
		EndReloadAssembly (1022ms)
			LoadAssemblies (155ms)
			RebuildTransferFunctionScriptingTraits (0ms)
			SetupTypeCache (301ms)
			ReleaseScriptCaches (1ms)
			RebuildScriptCaches (45ms)
			SetupLoadedEditorAssemblies (384ms)
				LogAssemblyErrors (0ms)
				InitializePlatformSupportModulesInManaged (11ms)
				SetLoadedEditorAssemblies (0ms)
				RefreshPlugins (1ms)
				BeforeProcessingInitializeOnLoad (93ms)
				ProcessInitializeOnLoadAttributes (260ms)
				ProcessInitializeOnLoadMethodAttributes (8ms)
				AfterProcessingInitializeOnLoad (11ms)
				EditorAssembliesLoaded (1ms)
			ExecutionOrderSort2 (0ms)
			AwakeInstancesAfterBackupRestoration (34ms)
Platform modules already initialized, skipping
Refreshing native plugins compatible for Editor in 0.56 ms, found 2 plugins.
Preloading 0 native plugins for Editor in 0.00 ms.
Unloading 2689 Unused Serialized files (Serialized files now loaded: 0)
System memory in use before: 130.0 MB.
System memory in use after: 128.1 MB.

Unloading 39 unused Assets to reduce memory usage. Loaded Objects now: 3390.
Total: 4.223600 ms (FindLiveObjects: 0.231500 ms CreateObjectMapping: 0.077600 ms MarkObjects: 3.240100 ms  DeleteObjects: 0.673100 ms)

AssetImportParameters requested are different than current active one (requested -> active):
  custom:framework-win-MediaFoundation: 216162199b28c13a410421893ffa2e32 -> 
  custom:video-decoder-ogg-theora: a1e56fd34408186e4bbccfd4996cb3dc -> 
  custom:container-muxer-webm: aa71ff27fc2769a1b78a27578f13a17b -> 
  custom:container-demuxer-webm: 4f35f7cbe854078d1ac9338744f61a02 -> 
  custom:container-demuxer-ogg: 62fdf1f143b41e24485cea50d1cbac27 -> 
  custom:video-encoder-webm-vp8: eb34c28f22e8b96e1ab97ce403110664 -> 
  custom:video-codec-MediaFoundation-h265: 746d11721c4dcdbdad8f713fa42b33f4 -> 
  custom:video-decoder-webm-vp8: 9c59270c3fd7afecdb556c50c9e8de78 -> 
  custom:audio-decoder-ogg-vorbis: bf7c407c2cedff20999df2af8eb42d56 -> 
  custom:audio-encoder-webm-vorbis: bf7c407c2cedff20999df2af8eb42d56 -> 
========================================================================
Received Prepare
Registering precompiled user dll's ...
Registered in 0.002995 seconds.
Begin MonoManager ReloadAssembly
Native extension for WindowsStandalone target not found
Refreshing native plugins compatible for Editor in 0.53 ms, found 2 plugins.
Preloading 0 native plugins for Editor in 0.00 ms.
Mono: successfully reloaded assembly
- Completed reload, in  1.281 seconds
Domain Reload Profiling:
	ReloadAssembly (1282ms)
		BeginReloadAssembly (166ms)
			ExecutionOrderSort (0ms)
			DisableScriptedObjects (9ms)
			BackupInstance (0ms)
			ReleaseScriptingObjects (0ms)
			CreateAndSetChildDomain (50ms)
		EndReloadAssembly (1007ms)
			LoadAssemblies (172ms)
			RebuildTransferFunctionScriptingTraits (0ms)
			SetupTypeCache (296ms)
			ReleaseScriptCaches (1ms)
			RebuildScriptCaches (63ms)
			SetupLoadedEditorAssemblies (349ms)
				LogAssemblyErrors (0ms)
				InitializePlatformSupportModulesInManaged (5ms)
				SetLoadedEditorAssemblies (0ms)
				RefreshPlugins (1ms)
				BeforeProcessingInitializeOnLoad (92ms)
				ProcessInitializeOnLoadAttributes (238ms)
				ProcessInitializeOnLoadMethodAttributes (6ms)
				AfterProcessingInitializeOnLoad (7ms)
				EditorAssembliesLoaded (0ms)
			ExecutionOrderSort2 (0ms)
			AwakeInstancesAfterBackupRestoration (19ms)
Platform modules already initialized, skipping
Refreshing native plugins compatible for Editor in 0.54 ms, found 2 plugins.
Preloading 0 native plugins for Editor in 0.00 ms.
Unloading 2689 Unused Serialized files (Serialized files now loaded: 0)
System memory in use before: 130.0 MB.
System memory in use after: 128.1 MB.

Unloading 39 unused Assets to reduce memory usage. Loaded Objects now: 3393.
Total: 8.296600 ms (FindLiveObjects: 0.413100 ms CreateObjectMapping: 0.183800 ms MarkObjects: 6.345900 ms  DeleteObjects: 1.349700 ms)

AssetImportParameters requested are different than current active one (requested -> active):
  custom:framework-win-MediaFoundation: 216162199b28c13a410421893ffa2e32 -> 
  custom:video-decoder-ogg-theora: a1e56fd34408186e4bbccfd4996cb3dc -> 
  custom:container-muxer-webm: aa71ff27fc2769a1b78a27578f13a17b -> 
  custom:container-demuxer-webm: 4f35f7cbe854078d1ac9338744f61a02 -> 
  custom:container-demuxer-ogg: 62fdf1f143b41e24485cea50d1cbac27 -> 
  custom:video-encoder-webm-vp8: eb34c28f22e8b96e1ab97ce403110664 -> 
  custom:video-codec-MediaFoundation-h265: 746d11721c4dcdbdad8f713fa42b33f4 -> 
  custom:video-decoder-webm-vp8: 9c59270c3fd7afecdb556c50c9e8de78 -> 
  custom:audio-decoder-ogg-vorbis: bf7c407c2cedff20999df2af8eb42d56 -> 
  custom:audio-encoder-webm-vorbis: bf7c407c2cedff20999df2af8eb42d56 -> 
========================================================================
Received Prepare
Registering precompiled user dll's ...
Registered in 0.003526 seconds.
Begin MonoManager ReloadAssembly
Native extension for WindowsStandalone target not found
Refreshing native plugins compatible for Editor in 0.52 ms, found 2 plugins.
Preloading 0 native plugins for Editor in 0.00 ms.
Mono: successfully reloaded assembly
- Completed reload, in  1.250 seconds
Domain Reload Profiling:
	ReloadAssembly (1250ms)
		BeginReloadAssembly (164ms)
			ExecutionOrderSort (0ms)
			DisableScriptedObjects (6ms)
			BackupInstance (0ms)
			ReleaseScriptingObjects (0ms)
			CreateAndSetChildDomain (59ms)
		EndReloadAssembly (1026ms)
			LoadAssemblies (95ms)
			RebuildTransferFunctionScriptingTraits (0ms)
			SetupTypeCache (270ms)
			ReleaseScriptCaches (1ms)
			RebuildScriptCaches (67ms)
			SetupLoadedEditorAssemblies (408ms)
				LogAssemblyErrors (0ms)
				InitializePlatformSupportModulesInManaged (4ms)
				SetLoadedEditorAssemblies (0ms)
				RefreshPlugins (1ms)
				BeforeProcessingInitializeOnLoad (80ms)
				ProcessInitializeOnLoadAttributes (312ms)
				ProcessInitializeOnLoadMethodAttributes (6ms)
				AfterProcessingInitializeOnLoad (5ms)
				EditorAssembliesLoaded (0ms)
			ExecutionOrderSort2 (0ms)
			AwakeInstancesAfterBackupRestoration (20ms)
Platform modules already initialized, skipping
Refreshing native plugins compatible for Editor in 1.01 ms, found 2 plugins.
Preloading 0 native plugins for Editor in 0.00 ms.
Unloading 2689 Unused Serialized files (Serialized files now loaded: 0)
System memory in use before: 130.0 MB.
System memory in use after: 128.2 MB.

Unloading 39 unused Assets to reduce memory usage. Loaded Objects now: 3396.
Total: 5.757100 ms (FindLiveObjects: 0.324700 ms CreateObjectMapping: 0.142800 ms MarkObjects: 4.590700 ms  DeleteObjects: 0.696900 ms)

AssetImportParameters requested are different than current active one (requested -> active):
  custom:framework-win-MediaFoundation: 216162199b28c13a410421893ffa2e32 -> 
  custom:video-decoder-ogg-theora: a1e56fd34408186e4bbccfd4996cb3dc -> 
  custom:container-muxer-webm: aa71ff27fc2769a1b78a27578f13a17b -> 
  custom:container-demuxer-webm: 4f35f7cbe854078d1ac9338744f61a02 -> 
  custom:container-demuxer-ogg: 62fdf1f143b41e24485cea50d1cbac27 -> 
  custom:video-encoder-webm-vp8: eb34c28f22e8b96e1ab97ce403110664 -> 
  custom:video-codec-MediaFoundation-h265: 746d11721c4dcdbdad8f713fa42b33f4 -> 
  custom:video-decoder-webm-vp8: 9c59270c3fd7afecdb556c50c9e8de78 -> 
  custom:audio-decoder-ogg-vorbis: bf7c407c2cedff20999df2af8eb42d56 -> 
  custom:audio-encoder-webm-vorbis: bf7c407c2cedff20999df2af8eb42d56 -> 
========================================================================
Received Prepare
Registering precompiled user dll's ...
Registered in 0.001649 seconds.
Begin MonoManager ReloadAssembly
Native extension for WindowsStandalone target not found
Refreshing native plugins compatible for Editor in 0.35 ms, found 2 plugins.
Preloading 0 native plugins for Editor in 0.00 ms.
Mono: successfully reloaded assembly
- Completed reload, in  0.584 seconds
Domain Reload Profiling:
	ReloadAssembly (584ms)
		BeginReloadAssembly (68ms)
			ExecutionOrderSort (0ms)
			DisableScriptedObjects (3ms)
			BackupInstance (0ms)
			ReleaseScriptingObjects (0ms)
			CreateAndSetChildDomain (21ms)
		EndReloadAssembly (480ms)
			LoadAssemblies (48ms)
			RebuildTransferFunctionScriptingTraits (0ms)
			SetupTypeCache (164ms)
			ReleaseScriptCaches (1ms)
			RebuildScriptCaches (22ms)
			SetupLoadedEditorAssemblies (168ms)
				LogAssemblyErrors (0ms)
				InitializePlatformSupportModulesInManaged (3ms)
				SetLoadedEditorAssemblies (0ms)
				RefreshPlugins (0ms)
				BeforeProcessingInitializeOnLoad (47ms)
				ProcessInitializeOnLoadAttributes (112ms)
				ProcessInitializeOnLoadMethodAttributes (3ms)
				AfterProcessingInitializeOnLoad (3ms)
				EditorAssembliesLoaded (0ms)
			ExecutionOrderSort2 (0ms)
			AwakeInstancesAfterBackupRestoration (9ms)
Platform modules already initialized, skipping
Refreshing native plugins compatible for Editor in 0.37 ms, found 2 plugins.
Preloading 0 native plugins for Editor in 0.00 ms.
Unloading 2689 Unused Serialized files (Serialized files now loaded: 0)
System memory in use before: 130.0 MB.
System memory in use after: 128.2 MB.

Unloading 39 unused Assets to reduce memory usage. Loaded Objects now: 3399.
Total: 2.896200 ms (FindLiveObjects: 0.147800 ms CreateObjectMapping: 0.051300 ms MarkObjects: 2.239000 ms  DeleteObjects: 0.456900 ms)

AssetImportParameters requested are different than current active one (requested -> active):
  custom:framework-win-MediaFoundation: 216162199b28c13a410421893ffa2e32 -> 
  custom:video-decoder-ogg-theora: a1e56fd34408186e4bbccfd4996cb3dc -> 
  custom:container-muxer-webm: aa71ff27fc2769a1b78a27578f13a17b -> 
  custom:container-demuxer-webm: 4f35f7cbe854078d1ac9338744f61a02 -> 
  custom:container-demuxer-ogg: 62fdf1f143b41e24485cea50d1cbac27 -> 
  custom:video-encoder-webm-vp8: eb34c28f22e8b96e1ab97ce403110664 -> 
  custom:video-codec-MediaFoundation-h265: 746d11721c4dcdbdad8f713fa42b33f4 -> 
  custom:video-decoder-webm-vp8: 9c59270c3fd7afecdb556c50c9e8de78 -> 
  custom:audio-decoder-ogg-vorbis: bf7c407c2cedff20999df2af8eb42d56 -> 
  custom:audio-encoder-webm-vorbis: bf7c407c2cedff20999df2af8eb42d56 -> 
========================================================================
Received Prepare
Registering precompiled user dll's ...
Registered in 0.002999 seconds.
Begin MonoManager ReloadAssembly
Native extension for WindowsStandalone target not found
Refreshing native plugins compatible for Editor in 0.54 ms, found 2 plugins.
Preloading 0 native plugins for Editor in 0.00 ms.
Mono: successfully reloaded assembly
- Completed reload, in  1.215 seconds
Domain Reload Profiling:
	ReloadAssembly (1216ms)
		BeginReloadAssembly (155ms)
			ExecutionOrderSort (0ms)
			DisableScriptedObjects (9ms)
			BackupInstance (0ms)
			ReleaseScriptingObjects (0ms)
			CreateAndSetChildDomain (48ms)
		EndReloadAssembly (983ms)
			LoadAssemblies (102ms)
			RebuildTransferFunctionScriptingTraits (0ms)
			SetupTypeCache (325ms)
			ReleaseScriptCaches (1ms)
			RebuildScriptCaches (42ms)
			SetupLoadedEditorAssemblies (356ms)
				LogAssemblyErrors (0ms)
				InitializePlatformSupportModulesInManaged (5ms)
				SetLoadedEditorAssemblies (1ms)
				RefreshPlugins (1ms)
				BeforeProcessingInitializeOnLoad (89ms)
				ProcessInitializeOnLoadAttributes (250ms)
				ProcessInitializeOnLoadMethodAttributes (5ms)
				AfterProcessingInitializeOnLoad (6ms)
				EditorAssembliesLoaded (0ms)
			ExecutionOrderSort2 (0ms)
			AwakeInstancesAfterBackupRestoration (16ms)
Platform modules already initialized, skipping
Refreshing native plugins compatible for Editor in 0.68 ms, found 2 plugins.
Preloading 0 native plugins for Editor in 0.00 ms.
Unloading 2689 Unused Serialized files (Serialized files now loaded: 0)
System memory in use before: 130.0 MB.
System memory in use after: 128.2 MB.

Unloading 39 unused Assets to reduce memory usage. Loaded Objects now: 3402.
Total: 6.897300 ms (FindLiveObjects: 0.308800 ms CreateObjectMapping: 0.128700 ms MarkObjects: 5.216900 ms  DeleteObjects: 1.240800 ms)

AssetImportParameters requested are different than current active one (requested -> active):
  custom:framework-win-MediaFoundation: 216162199b28c13a410421893ffa2e32 -> 
  custom:video-decoder-ogg-theora: a1e56fd34408186e4bbccfd4996cb3dc -> 
  custom:container-muxer-webm: aa71ff27fc2769a1b78a27578f13a17b -> 
  custom:container-demuxer-webm: 4f35f7cbe854078d1ac9338744f61a02 -> 
  custom:container-demuxer-ogg: 62fdf1f143b41e24485cea50d1cbac27 -> 
  custom:video-encoder-webm-vp8: eb34c28f22e8b96e1ab97ce403110664 -> 
  custom:video-codec-MediaFoundation-h265: 746d11721c4dcdbdad8f713fa42b33f4 -> 
  custom:video-decoder-webm-vp8: 9c59270c3fd7afecdb556c50c9e8de78 -> 
  custom:audio-decoder-ogg-vorbis: bf7c407c2cedff20999df2af8eb42d56 -> 
  custom:audio-encoder-webm-vorbis: bf7c407c2cedff20999df2af8eb42d56 -> 
========================================================================
Received Prepare
Registering precompiled user dll's ...
Registered in 0.003149 seconds.
Begin MonoManager ReloadAssembly
Native extension for WindowsStandalone target not found
Refreshing native plugins compatible for Editor in 0.52 ms, found 2 plugins.
Preloading 0 native plugins for Editor in 0.00 ms.
Mono: successfully reloaded assembly
- Completed reload, in  1.169 seconds
Domain Reload Profiling:
	ReloadAssembly (1169ms)
		BeginReloadAssembly (169ms)
			ExecutionOrderSort (0ms)
			DisableScriptedObjects (5ms)
			BackupInstance (0ms)
			ReleaseScriptingObjects (0ms)
			CreateAndSetChildDomain (53ms)
		EndReloadAssembly (939ms)
			LoadAssemblies (120ms)
			RebuildTransferFunctionScriptingTraits (0ms)
			SetupTypeCache (265ms)
			ReleaseScriptCaches (1ms)
			RebuildScriptCaches (71ms)
			SetupLoadedEditorAssemblies (334ms)
				LogAssemblyErrors (0ms)
				InitializePlatformSupportModulesInManaged (4ms)
				SetLoadedEditorAssemblies (0ms)
				RefreshPlugins (1ms)
				BeforeProcessingInitializeOnLoad (83ms)
				ProcessInitializeOnLoadAttributes (236ms)
				ProcessInitializeOnLoadMethodAttributes (5ms)
				AfterProcessingInitializeOnLoad (5ms)
				EditorAssembliesLoaded (0ms)
			ExecutionOrderSort2 (0ms)
			AwakeInstancesAfterBackupRestoration (15ms)
Platform modules already initialized, skipping
Refreshing native plugins compatible for Editor in 0.72 ms, found 2 plugins.
Preloading 0 native plugins for Editor in 0.00 ms.
Unloading 2689 Unused Serialized files (Serialized files now loaded: 0)
System memory in use before: 130.0 MB.
System memory in use after: 128.2 MB.

Unloading 39 unused Assets to reduce memory usage. Loaded Objects now: 3405.
Total: 8.097000 ms (FindLiveObjects: 0.394100 ms CreateObjectMapping: 0.161300 ms MarkObjects: 6.275500 ms  DeleteObjects: 1.263500 ms)

AssetImportParameters requested are different than current active one (requested -> active):
  custom:framework-win-MediaFoundation: 216162199b28c13a410421893ffa2e32 -> 
  custom:video-decoder-ogg-theora: a1e56fd34408186e4bbccfd4996cb3dc -> 
  custom:container-muxer-webm: aa71ff27fc2769a1b78a27578f13a17b -> 
  custom:container-demuxer-webm: 4f35f7cbe854078d1ac9338744f61a02 -> 
  custom:container-demuxer-ogg: 62fdf1f143b41e24485cea50d1cbac27 -> 
  custom:video-encoder-webm-vp8: eb34c28f22e8b96e1ab97ce403110664 -> 
  custom:video-codec-MediaFoundation-h265: 746d11721c4dcdbdad8f713fa42b33f4 -> 
  custom:video-decoder-webm-vp8: 9c59270c3fd7afecdb556c50c9e8de78 -> 
  custom:audio-decoder-ogg-vorbis: bf7c407c2cedff20999df2af8eb42d56 -> 
  custom:audio-encoder-webm-vorbis: bf7c407c2cedff20999df2af8eb42d56 -> 
========================================================================
Received Prepare
Registering precompiled user dll's ...
Registered in 0.001581 seconds.
Begin MonoManager ReloadAssembly
Native extension for WindowsStandalone target not found
Refreshing native plugins compatible for Editor in 0.34 ms, found 2 plugins.
Preloading 0 native plugins for Editor in 0.00 ms.
Mono: successfully reloaded assembly
- Completed reload, in  0.571 seconds
Domain Reload Profiling:
	ReloadAssembly (572ms)
		BeginReloadAssembly (69ms)
			ExecutionOrderSort (0ms)
			DisableScriptedObjects (2ms)
			BackupInstance (0ms)
			ReleaseScriptingObjects (0ms)
			CreateAndSetChildDomain (20ms)
		EndReloadAssembly (469ms)
			LoadAssemblies (49ms)
			RebuildTransferFunctionScriptingTraits (0ms)
			SetupTypeCache (153ms)
			ReleaseScriptCaches (1ms)
			RebuildScriptCaches (23ms)
			SetupLoadedEditorAssemblies (166ms)
				LogAssemblyErrors (0ms)
				InitializePlatformSupportModulesInManaged (3ms)
				SetLoadedEditorAssemblies (0ms)
				RefreshPlugins (0ms)
				BeforeProcessingInitializeOnLoad (46ms)
				ProcessInitializeOnLoadAttributes (111ms)
				ProcessInitializeOnLoadMethodAttributes (3ms)
				AfterProcessingInitializeOnLoad (3ms)
				EditorAssembliesLoaded (0ms)
			ExecutionOrderSort2 (0ms)
			AwakeInstancesAfterBackupRestoration (9ms)
Platform modules already initialized, skipping
Refreshing native plugins compatible for Editor in 0.37 ms, found 2 plugins.
Preloading 0 native plugins for Editor in 0.00 ms.
Unloading 2689 Unused Serialized files (Serialized files now loaded: 0)
System memory in use before: 130.0 MB.
System memory in use after: 128.2 MB.

Unloading 39 unused Assets to reduce memory usage. Loaded Objects now: 3408.
Total: 2.943100 ms (FindLiveObjects: 0.159100 ms CreateObjectMapping: 0.054000 ms MarkObjects: 2.262300 ms  DeleteObjects: 0.466300 ms)

AssetImportParameters requested are different than current active one (requested -> active):
  custom:framework-win-MediaFoundation: 216162199b28c13a410421893ffa2e32 -> 
  custom:video-decoder-ogg-theora: a1e56fd34408186e4bbccfd4996cb3dc -> 
  custom:container-muxer-webm: aa71ff27fc2769a1b78a27578f13a17b -> 
  custom:container-demuxer-webm: 4f35f7cbe854078d1ac9338744f61a02 -> 
  custom:container-demuxer-ogg: 62fdf1f143b41e24485cea50d1cbac27 -> 
  custom:video-encoder-webm-vp8: eb34c28f22e8b96e1ab97ce403110664 -> 
  custom:video-codec-MediaFoundation-h265: 746d11721c4dcdbdad8f713fa42b33f4 -> 
  custom:video-decoder-webm-vp8: 9c59270c3fd7afecdb556c50c9e8de78 -> 
  custom:audio-decoder-ogg-vorbis: bf7c407c2cedff20999df2af8eb42d56 -> 
  custom:audio-encoder-webm-vorbis: bf7c407c2cedff20999df2af8eb42d56 -> 
AssetImportWorkerClient::OnTransportError - code=2 error=End of file
